Base path: 'C:/Program Files/Unity/Hub/Editor/2022.1.8f1/Editor/Data', plugins path 'C:/Program Files/Unity/Hub/Editor/2022.1.8f1/Editor/Data/PlaybackEngines'
Cmd: initializeCompiler

<<<<<<< HEAD
<<<<<<< HEAD
<<<<<<< HEAD
<<<<<<< HEAD
=======
Unhandled exception: Protocol error - failed to read magic number (error -2147483644, transferred 0/4)

Quitting shader compiler process
>>>>>>> 36a2146f65d962241c309eedf441a14f8300c507
=======
Unhandled exception: Protocol error - failed to read magic number (error -2147483644, transferred 0/4)

Quitting shader compiler process
>>>>>>> 36a2146f65d962241c309eedf441a14f8300c507
=======
Unhandled exception: Protocol error - failed to read magic number (error -2147483644, transferred 0/4)

Quitting shader compiler process
>>>>>>> 36a2146f65d962241c309eedf441a14f8300c507
=======
Unhandled exception: Protocol error - failed to read magic number (error -2147483644, transferred 0/4)

Quitting shader compiler process
>>>>>>> 36a2146f65d962241c309eedf441a14f8300c507
